<?xml version="1.0" encoding="UTF-8"?>
<testsuite xmlns:xsi="http://www.w3.org/2001/XMLSchema-instance" xsi:noNamespaceSchemaLocation="https://maven.apache.org/surefire/maven-surefire-plugin/xsd/surefire-test-report.xsd" name="com.bubble.tree.TreeApplicationTests" time="4.508" tests="1" errors="0" skipped="0" failures="0">
  <properties>
    <property name="sun.desktop" value="windows"/>
    <property name="awt.toolkit" value="sun.awt.windows.WToolkit"/>
    <property name="file.encoding.pkg" value="sun.io"/>
    <property name="java.specification.version" value="1.8"/>
    <property name="sun.cpu.isalist" value="amd64"/>
    <property name="sun.jnu.encoding" value="Cp1252"/>
    <property name="java.class.path" value="D:\ITU\Proj\Java\Spring boot\tree\tree\target\test-classes;D:\ITU\Proj\Java\Spring boot\tree\tree\target\classes;C:\Users\FITIA ARIVONY\.m2\repository\org\springframework\boot\spring-boot-starter-web\2.7.11\spring-boot-starter-web-2.7.11.jar;C:\Users\FITIA ARIVONY\.m2\repository\org\springframework\boot\spring-boot-starter\2.7.11\spring-boot-starter-2.7.11.jar;C:\Users\FITIA ARIVONY\.m2\repository\org\springframework\boot\spring-boot-starter-logging\2.7.11\spring-boot-starter-logging-2.7.11.jar;C:\Users\FITIA ARIVONY\.m2\repository\ch\qos\logback\logback-classic\1.2.12\logback-classic-1.2.12.jar;C:\Users\FITIA ARIVONY\.m2\repository\org\apache\logging\log4j\log4j-to-slf4j\2.17.2\log4j-to-slf4j-2.17.2.jar;C:\Users\FITIA ARIVONY\.m2\repository\org\slf4j\jul-to-slf4j\1.7.36\jul-to-slf4j-1.7.36.jar;C:\Users\FITIA ARIVONY\.m2\repository\jakarta\annotation\jakarta.annotation-api\1.3.5\jakarta.annotation-api-1.3.5.jar;C:\Users\FITIA ARIVONY\.m2\repository\org\yaml\snakeyaml\1.30\snakeyaml-1.30.jar;C:\Users\FITIA ARIVONY\.m2\repository\org\springframework\boot\spring-boot-starter-json\2.7.11\spring-boot-starter-json-2.7.11.jar;C:\Users\FITIA ARIVONY\.m2\repository\com\fasterxml\jackson\core\jackson-databind\2.13.5\jackson-databind-2.13.5.jar;C:\Users\FITIA ARIVONY\.m2\repository\com\fasterxml\jackson\core\jackson-annotations\2.13.5\jackson-annotations-2.13.5.jar;C:\Users\FITIA ARIVONY\.m2\repository\com\fasterxml\jackson\core\jackson-core\2.13.5\jackson-core-2.13.5.jar;C:\Users\FITIA ARIVONY\.m2\repository\com\fasterxml\jackson\datatype\jackson-datatype-jdk8\2.13.5\jackson-datatype-jdk8-2.13.5.jar;C:\Users\FITIA ARIVONY\.m2\repository\com\fasterxml\jackson\datatype\jackson-datatype-jsr310\2.13.5\jackson-datatype-jsr310-2.13.5.jar;C:\Users\FITIA ARIVONY\.m2\repository\com\fasterxml\jackson\module\jackson-module-parameter-names\2.13.5\jackson-module-parameter-names-2.13.5.jar;C:\Users\FITIA ARIVONY\.m2\repository\org\springframework\boot\spring-boot-starter-tomcat\2.7.11\spring-boot-starter-tomcat-2.7.11.jar;C:\Users\FITIA ARIVONY\.m2\repository\org\apache\tomcat\embed\tomcat-embed-core\9.0.74\tomcat-embed-core-9.0.74.jar;C:\Users\FITIA ARIVONY\.m2\repository\org\apache\tomcat\embed\tomcat-embed-el\9.0.74\tomcat-embed-el-9.0.74.jar;C:\Users\FITIA ARIVONY\.m2\repository\org\apache\tomcat\embed\tomcat-embed-websocket\9.0.74\tomcat-embed-websocket-9.0.74.jar;C:\Users\FITIA ARIVONY\.m2\repository\org\springframework\spring-web\5.3.27\spring-web-5.3.27.jar;C:\Users\FITIA ARIVONY\.m2\repository\org\springframework\spring-beans\5.3.27\spring-beans-5.3.27.jar;C:\Users\FITIA ARIVONY\.m2\repository\org\springframework\spring-webmvc\5.3.27\spring-webmvc-5.3.27.jar;C:\Users\FITIA ARIVONY\.m2\repository\org\springframework\spring-aop\5.3.27\spring-aop-5.3.27.jar;C:\Users\FITIA ARIVONY\.m2\repository\org\springframework\spring-context\5.3.27\spring-context-5.3.27.jar;C:\Users\FITIA ARIVONY\.m2\repository\org\springframework\spring-expression\5.3.27\spring-expression-5.3.27.jar;C:\Users\FITIA ARIVONY\.m2\repository\org\springframework\session\spring-session-core\2.7.1\spring-session-core-2.7.1.jar;C:\Users\FITIA ARIVONY\.m2\repository\org\springframework\spring-jcl\5.3.27\spring-jcl-5.3.27.jar;C:\Users\FITIA ARIVONY\.m2\repository\org\springframework\boot\spring-boot-starter-mail\2.7.11\spring-boot-starter-mail-2.7.11.jar;C:\Users\FITIA ARIVONY\.m2\repository\org\springframework\spring-context-support\5.3.27\spring-context-support-5.3.27.jar;C:\Users\FITIA ARIVONY\.m2\repository\com\sun\mail\jakarta.mail\1.6.7\jakarta.mail-1.6.7.jar;C:\Users\FITIA ARIVONY\.m2\repository\com\sun\activation\jakarta.activation\1.2.2\jakarta.activation-1.2.2.jar;C:\Users\FITIA ARIVONY\.m2\repository\org\springframework\boot\spring-boot-devtools\2.7.11\spring-boot-devtools-2.7.11.jar;C:\Users\FITIA ARIVONY\.m2\repository\org\springframework\boot\spring-boot\2.7.11\spring-boot-2.7.11.jar;C:\Users\FITIA ARIVONY\.m2\repository\org\springframework\boot\spring-boot-autoconfigure\2.7.11\spring-boot-autoconfigure-2.7.11.jar;C:\Users\FITIA ARIVONY\.m2\repository\org\postgresql\postgresql\42.3.0\postgresql-42.3.0.jar;C:\Users\FITIA ARIVONY\.m2\repository\org\checkerframework\checker-qual\3.5.0\checker-qual-3.5.0.jar;C:\Users\FITIA ARIVONY\.m2\repository\org\springframework\boot\spring-boot-starter-test\2.7.11\spring-boot-starter-test-2.7.11.jar;C:\Users\FITIA ARIVONY\.m2\repository\org\springframework\boot\spring-boot-test\2.7.11\spring-boot-test-2.7.11.jar;C:\Users\FITIA ARIVONY\.m2\repository\org\springframework\boot\spring-boot-test-autoconfigure\2.7.11\spring-boot-test-autoconfigure-2.7.11.jar;C:\Users\FITIA ARIVONY\.m2\repository\com\jayway\jsonpath\json-path\2.7.0\json-path-2.7.0.jar;C:\Users\FITIA ARIVONY\.m2\repository\net\minidev\json-smart\2.4.10\json-smart-2.4.10.jar;C:\Users\FITIA ARIVONY\.m2\repository\net\minidev\accessors-smart\2.4.9\accessors-smart-2.4.9.jar;C:\Users\FITIA ARIVONY\.m2\repository\org\ow2\asm\asm\9.3\asm-9.3.jar;C:\Users\FITIA ARIVONY\.m2\repository\jakarta\xml\bind\jakarta.xml.bind-api\2.3.3\jakarta.xml.bind-api-2.3.3.jar;C:\Users\FITIA ARIVONY\.m2\repository\jakarta\activation\jakarta.activation-api\1.2.2\jakarta.activation-api-1.2.2.jar;C:\Users\FITIA ARIVONY\.m2\repository\org\assertj\assertj-core\3.22.0\assertj-core-3.22.0.jar;C:\Users\FITIA ARIVONY\.m2\repository\org\hamcrest\hamcrest\2.2\hamcrest-2.2.jar;C:\Users\FITIA ARIVONY\.m2\repository\org\junit\jupiter\junit-jupiter\5.8.2\junit-jupiter-5.8.2.jar;C:\Users\FITIA ARIVONY\.m2\repository\org\junit\jupiter\junit-jupiter-api\5.8.2\junit-jupiter-api-5.8.2.jar;C:\Users\FITIA ARIVONY\.m2\repository\org\opentest4j\opentest4j\1.2.0\opentest4j-1.2.0.jar;C:\Users\FITIA ARIVONY\.m2\repository\org\junit\platform\junit-platform-commons\1.8.2\junit-platform-commons-1.8.2.jar;C:\Users\FITIA ARIVONY\.m2\repository\org\apiguardian\apiguardian-api\1.1.2\apiguardian-api-1.1.2.jar;C:\Users\FITIA ARIVONY\.m2\repository\org\junit\jupiter\junit-jupiter-params\5.8.2\junit-jupiter-params-5.8.2.jar;C:\Users\FITIA ARIVONY\.m2\repository\org\junit\jupiter\junit-jupiter-engine\5.8.2\junit-jupiter-engine-5.8.2.jar;C:\Users\FITIA ARIVONY\.m2\repository\org\junit\platform\junit-platform-engine\1.8.2\junit-platform-engine-1.8.2.jar;C:\Users\FITIA ARIVONY\.m2\repository\org\mockito\mockito-core\4.5.1\mockito-core-4.5.1.jar;C:\Users\FITIA ARIVONY\.m2\repository\net\bytebuddy\byte-buddy\1.12.23\byte-buddy-1.12.23.jar;C:\Users\FITIA ARIVONY\.m2\repository\net\bytebuddy\byte-buddy-agent\1.12.23\byte-buddy-agent-1.12.23.jar;C:\Users\FITIA ARIVONY\.m2\repository\org\objenesis\objenesis\3.2\objenesis-3.2.jar;C:\Users\FITIA ARIVONY\.m2\repository\org\mockito\mockito-junit-jupiter\4.5.1\mockito-junit-jupiter-4.5.1.jar;C:\Users\FITIA ARIVONY\.m2\repository\org\skyscreamer\jsonassert\1.5.1\jsonassert-1.5.1.jar;C:\Users\FITIA ARIVONY\.m2\repository\com\vaadin\external\google\android-json\0.0.20131108.vaadin1\android-json-0.0.20131108.vaadin1.jar;C:\Users\FITIA ARIVONY\.m2\repository\org\springframework\spring-core\5.3.27\spring-core-5.3.27.jar;C:\Users\FITIA ARIVONY\.m2\repository\org\springframework\spring-test\5.3.27\spring-test-5.3.27.jar;C:\Users\FITIA ARIVONY\.m2\repository\org\xmlunit\xmlunit-core\2.9.1\xmlunit-core-2.9.1.jar;C:\Users\FITIA ARIVONY\.m2\repository\com\itextpdf\itextpdf\5.5.13\itextpdf-5.5.13.jar;C:\Users\FITIA ARIVONY\.m2\repository\com\itextpdf\tool\xmlworker\5.5.13\xmlworker-5.5.13.jar;C:\Users\FITIA ARIVONY\.m2\repository\com\itextpdf\kernel\7.1.12\kernel-7.1.12.jar;C:\Users\FITIA ARIVONY\.m2\repository\com\itextpdf\io\7.1.12\io-7.1.12.jar;C:\Users\FITIA ARIVONY\.m2\repository\org\bouncycastle\bcpkix-jdk15on\1.64\bcpkix-jdk15on-1.64.jar;C:\Users\FITIA ARIVONY\.m2\repository\org\bouncycastle\bcprov-jdk15on\1.64\bcprov-jdk15on-1.64.jar;C:\Users\FITIA ARIVONY\.m2\repository\org\slf4j\slf4j-api\1.7.36\slf4j-api-1.7.36.jar;C:\Users\FITIA ARIVONY\.m2\repository\com\itextpdf\html2pdf\3.0.1\html2pdf-3.0.1.jar;C:\Users\FITIA ARIVONY\.m2\repository\com\itextpdf\forms\7.1.12\forms-7.1.12.jar;C:\Users\FITIA ARIVONY\.m2\repository\com\itextpdf\layout\7.1.12\layout-7.1.12.jar;C:\Users\FITIA ARIVONY\.m2\repository\com\itextpdf\svg\7.1.12\svg-7.1.12.jar;C:\Users\FITIA ARIVONY\.m2\repository\com\itextpdf\styled-xml-parser\7.1.12\styled-xml-parser-7.1.12.jar;C:\Users\FITIA ARIVONY\.m2\repository\fitia\bubble\1.1\bubble-1.1.jar;C:\Users\FITIA ARIVONY\.m2\repository\fitia\csvfitia\1.1\csvfitia-1.1.jar;C:\Users\FITIA ARIVONY\.m2\repository\fitia\pdfgenerator\1.1\pdfgenerator-1.1.jar;C:\Users\FITIA ARIVONY\.m2\repository\org\freemarker\freemarker\2.3.32\freemarker-2.3.32.jar;C:\Users\FITIA ARIVONY\.m2\repository\org\apache\poi\poi\5.2.0\poi-5.2.0.jar;C:\Users\FITIA ARIVONY\.m2\repository\commons-codec\commons-codec\1.15\commons-codec-1.15.jar;C:\Users\FITIA ARIVONY\.m2\repository\org\apache\commons\commons-collections4\4.4\commons-collections4-4.4.jar;C:\Users\FITIA ARIVONY\.m2\repository\org\apache\commons\commons-math3\3.6.1\commons-math3-3.6.1.jar;C:\Users\FITIA ARIVONY\.m2\repository\commons-io\commons-io\2.11.0\commons-io-2.11.0.jar;C:\Users\FITIA ARIVONY\.m2\repository\com\zaxxer\SparseBitSet\1.2\SparseBitSet-1.2.jar;C:\Users\FITIA ARIVONY\.m2\repository\org\apache\logging\log4j\log4j-api\2.17.2\log4j-api-2.17.2.jar;C:\Users\FITIA ARIVONY\.m2\repository\org\apache\poi\poi-ooxml\5.2.0\poi-ooxml-5.2.0.jar;C:\Users\FITIA ARIVONY\.m2\repository\org\apache\poi\poi-ooxml-lite\5.2.0\poi-ooxml-lite-5.2.0.jar;C:\Users\FITIA ARIVONY\.m2\repository\org\apache\xmlbeans\xmlbeans\5.0.3\xmlbeans-5.0.3.jar;C:\Users\FITIA ARIVONY\.m2\repository\xml-apis\xml-apis\1.4.01\xml-apis-1.4.01.jar;C:\Users\FITIA ARIVONY\.m2\repository\org\apache\commons\commons-compress\1.21\commons-compress-1.21.jar;C:\Users\FITIA ARIVONY\.m2\repository\com\github\virtuald\curvesapi\1.06\curvesapi-1.06.jar;C:\Users\FITIA ARIVONY\.m2\repository\org\jxls\jxls-jexcel\1.0.9\jxls-jexcel-1.0.9.jar;C:\Users\FITIA ARIVONY\.m2\repository\org\jxls\jxls\2.6.0\jxls-2.6.0.jar;C:\Users\FITIA ARIVONY\.m2\repository\org\apache\commons\commons-jexl3\3.1\commons-jexl3-3.1.jar;C:\Users\FITIA ARIVONY\.m2\repository\commons-logging\commons-logging\1.2\commons-logging-1.2.jar;C:\Users\FITIA ARIVONY\.m2\repository\commons-beanutils\commons-beanutils\1.9.3\commons-beanutils-1.9.3.jar;C:\Users\FITIA ARIVONY\.m2\repository\commons-collections\commons-collections\3.2.2\commons-collections-3.2.2.jar;C:\Users\FITIA ARIVONY\.m2\repository\ch\qos\logback\logback-core\1.2.12\logback-core-1.2.12.jar;C:\Users\FITIA ARIVONY\.m2\repository\net\sourceforge\jexcelapi\jxl\2.6.10\jxl-2.6.10.jar;C:\Users\FITIA ARIVONY\.m2\repository\log4j\log4j\1.2.14\log4j-1.2.14.jar;C:\Users\FITIA ARIVONY\.m2\repository\org\slf4j\jcl-over-slf4j\1.7.36\jcl-over-slf4j-1.7.36.jar;C:\Users\FITIA ARIVONY\.m2\repository\org\dhatim\fastexcel-reader\0.15.3\fastexcel-reader-0.15.3.jar;C:\Users\FITIA ARIVONY\.m2\repository\com\fasterxml\aalto-xml\1.3.2\aalto-xml-1.3.2.jar;C:\Users\FITIA ARIVONY\.m2\repository\org\codehaus\woodstox\stax2-api\4.2\stax2-api-4.2.jar;C:\Users\FITIA ARIVONY\.m2\repository\org\dhatim\fastexcel\0.15.3\fastexcel-0.15.3.jar;C:\Users\FITIA ARIVONY\.m2\repository\com\github\rzymek\opczip\1.2.0\opczip-1.2.0.jar;C:\Users\FITIA ARIVONY\.m2\repository\commons-dbcp\commons-dbcp\1.4\commons-dbcp-1.4.jar;C:\Users\FITIA ARIVONY\.m2\repository\commons-pool\commons-pool\1.6\commons-pool-1.6.jar;C:\Users\FITIA ARIVONY\.m2\repository\org\apache\commons\commons-pool2\2.11.1\commons-pool2-2.11.1.jar;"/>
    <property name="java.vm.vendor" value="Oracle Corporation"/>
    <property name="sun.arch.data.model" value="64"/>
    <property name="user.variant" value=""/>
    <property name="java.vendor.url" value="http://java.oracle.com/"/>
    <property name="user.timezone" value="Asia/Istanbul"/>
    <property name="java.vm.specification.version" value="1.8"/>
    <property name="os.name" value="Windows 10"/>
    <property name="sun.java.launcher" value="SUN_STANDARD"/>
    <property name="user.country" value="FR"/>
    <property name="sun.boot.library.path" value="C:\Program Files\Java\jdk1.8.0_201\jre\bin"/>
    <property name="sun.java.command" value="C:\Users\FITIAA~1\AppData\Local\Temp\surefire5491794926678781079\surefirebooter5629232499104815677.jar C:\Users\FITIA ARIVONY\AppData\Local\Temp\surefire5491794926678781079 2023-06-21T09-34-10_016-jvmRun1 surefire1697886067084522702tmp surefire_01222892309465326278tmp"/>
    <property name="surefire.test.class.path" value="D:\ITU\Proj\Java\Spring boot\tree\tree\target\test-classes;D:\ITU\Proj\Java\Spring boot\tree\tree\target\classes;C:\Users\FITIA ARIVONY\.m2\repository\org\springframework\boot\spring-boot-starter-web\2.7.11\spring-boot-starter-web-2.7.11.jar;C:\Users\FITIA ARIVONY\.m2\repository\org\springframework\boot\spring-boot-starter\2.7.11\spring-boot-starter-2.7.11.jar;C:\Users\FITIA ARIVONY\.m2\repository\org\springframework\boot\spring-boot-starter-logging\2.7.11\spring-boot-starter-logging-2.7.11.jar;C:\Users\FITIA ARIVONY\.m2\repository\ch\qos\logback\logback-classic\1.2.12\logback-classic-1.2.12.jar;C:\Users\FITIA ARIVONY\.m2\repository\org\apache\logging\log4j\log4j-to-slf4j\2.17.2\log4j-to-slf4j-2.17.2.jar;C:\Users\FITIA ARIVONY\.m2\repository\org\slf4j\jul-to-slf4j\1.7.36\jul-to-slf4j-1.7.36.jar;C:\Users\FITIA ARIVONY\.m2\repository\jakarta\annotation\jakarta.annotation-api\1.3.5\jakarta.annotation-api-1.3.5.jar;C:\Users\FITIA ARIVONY\.m2\repository\org\yaml\snakeyaml\1.30\snakeyaml-1.30.jar;C:\Users\FITIA ARIVONY\.m2\repository\org\springframework\boot\spring-boot-starter-json\2.7.11\spring-boot-starter-json-2.7.11.jar;C:\Users\FITIA ARIVONY\.m2\repository\com\fasterxml\jackson\core\jackson-databind\2.13.5\jackson-databind-2.13.5.jar;C:\Users\FITIA ARIVONY\.m2\repository\com\fasterxml\jackson\core\jackson-annotations\2.13.5\jackson-annotations-2.13.5.jar;C:\Users\FITIA ARIVONY\.m2\repository\com\fasterxml\jackson\core\jackson-core\2.13.5\jackson-core-2.13.5.jar;C:\Users\FITIA ARIVONY\.m2\repository\com\fasterxml\jackson\datatype\jackson-datatype-jdk8\2.13.5\jackson-datatype-jdk8-2.13.5.jar;C:\Users\FITIA ARIVONY\.m2\repository\com\fasterxml\jackson\datatype\jackson-datatype-jsr310\2.13.5\jackson-datatype-jsr310-2.13.5.jar;C:\Users\FITIA ARIVONY\.m2\repository\com\fasterxml\jackson\module\jackson-module-parameter-names\2.13.5\jackson-module-parameter-names-2.13.5.jar;C:\Users\FITIA ARIVONY\.m2\repository\org\springframework\boot\spring-boot-starter-tomcat\2.7.11\spring-boot-starter-tomcat-2.7.11.jar;C:\Users\FITIA ARIVONY\.m2\repository\org\apache\tomcat\embed\tomcat-embed-core\9.0.74\tomcat-embed-core-9.0.74.jar;C:\Users\FITIA ARIVONY\.m2\repository\org\apache\tomcat\embed\tomcat-embed-el\9.0.74\tomcat-embed-el-9.0.74.jar;C:\Users\FITIA ARIVONY\.m2\repository\org\apache\tomcat\embed\tomcat-embed-websocket\9.0.74\tomcat-embed-websocket-9.0.74.jar;C:\Users\FITIA ARIVONY\.m2\repository\org\springframework\spring-web\5.3.27\spring-web-5.3.27.jar;C:\Users\FITIA ARIVONY\.m2\repository\org\springframework\spring-beans\5.3.27\spring-beans-5.3.27.jar;C:\Users\FITIA ARIVONY\.m2\repository\org\springframework\spring-webmvc\5.3.27\spring-webmvc-5.3.27.jar;C:\Users\FITIA ARIVONY\.m2\repository\org\springframework\spring-aop\5.3.27\spring-aop-5.3.27.jar;C:\Users\FITIA ARIVONY\.m2\repository\org\springframework\spring-context\5.3.27\spring-context-5.3.27.jar;C:\Users\FITIA ARIVONY\.m2\repository\org\springframework\spring-expression\5.3.27\spring-expression-5.3.27.jar;C:\Users\FITIA ARIVONY\.m2\repository\org\springframework\session\spring-session-core\2.7.1\spring-session-core-2.7.1.jar;C:\Users\FITIA ARIVONY\.m2\repository\org\springframework\spring-jcl\5.3.27\spring-jcl-5.3.27.jar;C:\Users\FITIA ARIVONY\.m2\repository\org\springframework\boot\spring-boot-starter-mail\2.7.11\spring-boot-starter-mail-2.7.11.jar;C:\Users\FITIA ARIVONY\.m2\repository\org\springframework\spring-context-support\5.3.27\spring-context-support-5.3.27.jar;C:\Users\FITIA ARIVONY\.m2\repository\com\sun\mail\jakarta.mail\1.6.7\jakarta.mail-1.6.7.jar;C:\Users\FITIA ARIVONY\.m2\repository\com\sun\activation\jakarta.activation\1.2.2\jakarta.activation-1.2.2.jar;C:\Users\FITIA ARIVONY\.m2\repository\org\springframework\boot\spring-boot-devtools\2.7.11\spring-boot-devtools-2.7.11.jar;C:\Users\FITIA ARIVONY\.m2\repository\org\springframework\boot\spring-boot\2.7.11\spring-boot-2.7.11.jar;C:\Users\FITIA ARIVONY\.m2\repository\org\springframework\boot\spring-boot-autoconfigure\2.7.11\spring-boot-autoconfigure-2.7.11.jar;C:\Users\FITIA ARIVONY\.m2\repository\org\postgresql\postgresql\42.3.0\postgresql-42.3.0.jar;C:\Users\FITIA ARIVONY\.m2\repository\org\checkerframework\checker-qual\3.5.0\checker-qual-3.5.0.jar;C:\Users\FITIA ARIVONY\.m2\repository\org\springframework\boot\spring-boot-starter-test\2.7.11\spring-boot-starter-test-2.7.11.jar;C:\Users\FITIA ARIVONY\.m2\repository\org\springframework\boot\spring-boot-test\2.7.11\spring-boot-test-2.7.11.jar;C:\Users\FITIA ARIVONY\.m2\repository\org\springframework\boot\spring-boot-test-autoconfigure\2.7.11\spring-boot-test-autoconfigure-2.7.11.jar;C:\Users\FITIA ARIVONY\.m2\repository\com\jayway\jsonpath\json-path\2.7.0\json-path-2.7.0.jar;C:\Users\FITIA ARIVONY\.m2\repository\net\minidev\json-smart\2.4.10\json-smart-2.4.10.jar;C:\Users\FITIA ARIVONY\.m2\repository\net\minidev\accessors-smart\2.4.9\accessors-smart-2.4.9.jar;C:\Users\FITIA ARIVONY\.m2\repository\org\ow2\asm\asm\9.3\asm-9.3.jar;C:\Users\FITIA ARIVONY\.m2\repository\jakarta\xml\bind\jakarta.xml.bind-api\2.3.3\jakarta.xml.bind-api-2.3.3.jar;C:\Users\FITIA ARIVONY\.m2\repository\jakarta\activation\jakarta.activation-api\1.2.2\jakarta.activation-api-1.2.2.jar;C:\Users\FITIA ARIVONY\.m2\repository\org\assertj\assertj-core\3.22.0\assertj-core-3.22.0.jar;C:\Users\FITIA ARIVONY\.m2\repository\org\hamcrest\hamcrest\2.2\hamcrest-2.2.jar;C:\Users\FITIA ARIVONY\.m2\repository\org\junit\jupiter\junit-jupiter\5.8.2\junit-jupiter-5.8.2.jar;C:\Users\FITIA ARIVONY\.m2\repository\org\junit\jupiter\junit-jupiter-api\5.8.2\junit-jupiter-api-5.8.2.jar;C:\Users\FITIA ARIVONY\.m2\repository\org\opentest4j\opentest4j\1.2.0\opentest4j-1.2.0.jar;C:\Users\FITIA ARIVONY\.m2\repository\org\junit\platform\junit-platform-commons\1.8.2\junit-platform-commons-1.8.2.jar;C:\Users\FITIA ARIVONY\.m2\repository\org\apiguardian\apiguardian-api\1.1.2\apiguardian-api-1.1.2.jar;C:\Users\FITIA ARIVONY\.m2\repository\org\junit\jupiter\junit-jupiter-params\5.8.2\junit-jupiter-params-5.8.2.jar;C:\Users\FITIA ARIVONY\.m2\repository\org\junit\jupiter\junit-jupiter-engine\5.8.2\junit-jupiter-engine-5.8.2.jar;C:\Users\FITIA ARIVONY\.m2\repository\org\junit\platform\junit-platform-engine\1.8.2\junit-platform-engine-1.8.2.jar;C:\Users\FITIA ARIVONY\.m2\repository\org\mockito\mockito-core\4.5.1\mockito-core-4.5.1.jar;C:\Users\FITIA ARIVONY\.m2\repository\net\bytebuddy\byte-buddy\1.12.23\byte-buddy-1.12.23.jar;C:\Users\FITIA ARIVONY\.m2\repository\net\bytebuddy\byte-buddy-agent\1.12.23\byte-buddy-agent-1.12.23.jar;C:\Users\FITIA ARIVONY\.m2\repository\org\objenesis\objenesis\3.2\objenesis-3.2.jar;C:\Users\FITIA ARIVONY\.m2\repository\org\mockito\mockito-junit-jupiter\4.5.1\mockito-junit-jupiter-4.5.1.jar;C:\Users\FITIA ARIVONY\.m2\repository\org\skyscreamer\jsonassert\1.5.1\jsonassert-1.5.1.jar;C:\Users\FITIA ARIVONY\.m2\repository\com\vaadin\external\google\android-json\0.0.20131108.vaadin1\android-json-0.0.20131108.vaadin1.jar;C:\Users\FITIA ARIVONY\.m2\repository\org\springframework\spring-core\5.3.27\spring-core-5.3.27.jar;C:\Users\FITIA ARIVONY\.m2\repository\org\springframework\spring-test\5.3.27\spring-test-5.3.27.jar;C:\Users\FITIA ARIVONY\.m2\repository\org\xmlunit\xmlunit-core\2.9.1\xmlunit-core-2.9.1.jar;C:\Users\FITIA ARIVONY\.m2\repository\com\itextpdf\itextpdf\5.5.13\itextpdf-5.5.13.jar;C:\Users\FITIA ARIVONY\.m2\repository\com\itextpdf\tool\xmlworker\5.5.13\xmlworker-5.5.13.jar;C:\Users\FITIA ARIVONY\.m2\repository\com\itextpdf\kernel\7.1.12\kernel-7.1.12.jar;C:\Users\FITIA ARIVONY\.m2\repository\com\itextpdf\io\7.1.12\io-7.1.12.jar;C:\Users\FITIA ARIVONY\.m2\repository\org\bouncycastle\bcpkix-jdk15on\1.64\bcpkix-jdk15on-1.64.jar;C:\Users\FITIA ARIVONY\.m2\repository\org\bouncycastle\bcprov-jdk15on\1.64\bcprov-jdk15on-1.64.jar;C:\Users\FITIA ARIVONY\.m2\repository\org\slf4j\slf4j-api\1.7.36\slf4j-api-1.7.36.jar;C:\Users\FITIA ARIVONY\.m2\repository\com\itextpdf\html2pdf\3.0.1\html2pdf-3.0.1.jar;C:\Users\FITIA ARIVONY\.m2\repository\com\itextpdf\forms\7.1.12\forms-7.1.12.jar;C:\Users\FITIA ARIVONY\.m2\repository\com\itextpdf\layout\7.1.12\layout-7.1.12.jar;C:\Users\FITIA ARIVONY\.m2\repository\com\itextpdf\svg\7.1.12\svg-7.1.12.jar;C:\Users\FITIA ARIVONY\.m2\repository\com\itextpdf\styled-xml-parser\7.1.12\styled-xml-parser-7.1.12.jar;C:\Users\FITIA ARIVONY\.m2\repository\fitia\bubble\1.1\bubble-1.1.jar;C:\Users\FITIA ARIVONY\.m2\repository\fitia\csvfitia\1.1\csvfitia-1.1.jar;C:\Users\FITIA ARIVONY\.m2\repository\fitia\pdfgenerator\1.1\pdfgenerator-1.1.jar;C:\Users\FITIA ARIVONY\.m2\repository\org\freemarker\freemarker\2.3.32\freemarker-2.3.32.jar;C:\Users\FITIA ARIVONY\.m2\repository\org\apache\poi\poi\5.2.0\poi-5.2.0.jar;C:\Users\FITIA ARIVONY\.m2\repository\commons-codec\commons-codec\1.15\commons-codec-1.15.jar;C:\Users\FITIA ARIVONY\.m2\repository\org\apache\commons\commons-collections4\4.4\commons-collections4-4.4.jar;C:\Users\FITIA ARIVONY\.m2\repository\org\apache\commons\commons-math3\3.6.1\commons-math3-3.6.1.jar;C:\Users\FITIA ARIVONY\.m2\repository\commons-io\commons-io\2.11.0\commons-io-2.11.0.jar;C:\Users\FITIA ARIVONY\.m2\repository\com\zaxxer\SparseBitSet\1.2\SparseBitSet-1.2.jar;C:\Users\FITIA ARIVONY\.m2\repository\org\apache\logging\log4j\log4j-api\2.17.2\log4j-api-2.17.2.jar;C:\Users\FITIA ARIVONY\.m2\repository\org\apache\poi\poi-ooxml\5.2.0\poi-ooxml-5.2.0.jar;C:\Users\FITIA ARIVONY\.m2\repository\org\apache\poi\poi-ooxml-lite\5.2.0\poi-ooxml-lite-5.2.0.jar;C:\Users\FITIA ARIVONY\.m2\repository\org\apache\xmlbeans\xmlbeans\5.0.3\xmlbeans-5.0.3.jar;C:\Users\FITIA ARIVONY\.m2\repository\xml-apis\xml-apis\1.4.01\xml-apis-1.4.01.jar;C:\Users\FITIA ARIVONY\.m2\repository\org\apache\commons\commons-compress\1.21\commons-compress-1.21.jar;C:\Users\FITIA ARIVONY\.m2\repository\com\github\virtuald\curvesapi\1.06\curvesapi-1.06.jar;C:\Users\FITIA ARIVONY\.m2\repository\org\jxls\jxls-jexcel\1.0.9\jxls-jexcel-1.0.9.jar;C:\Users\FITIA ARIVONY\.m2\repository\org\jxls\jxls\2.6.0\jxls-2.6.0.jar;C:\Users\FITIA ARIVONY\.m2\repository\org\apache\commons\commons-jexl3\3.1\commons-jexl3-3.1.jar;C:\Users\FITIA ARIVONY\.m2\repository\commons-logging\commons-logging\1.2\commons-logging-1.2.jar;C:\Users\FITIA ARIVONY\.m2\repository\commons-beanutils\commons-beanutils\1.9.3\commons-beanutils-1.9.3.jar;C:\Users\FITIA ARIVONY\.m2\repository\commons-collections\commons-collections\3.2.2\commons-collections-3.2.2.jar;C:\Users\FITIA ARIVONY\.m2\repository\ch\qos\logback\logback-core\1.2.12\logback-core-1.2.12.jar;C:\Users\FITIA ARIVONY\.m2\repository\net\sourceforge\jexcelapi\jxl\2.6.10\jxl-2.6.10.jar;C:\Users\FITIA ARIVONY\.m2\repository\log4j\log4j\1.2.14\log4j-1.2.14.jar;C:\Users\FITIA ARIVONY\.m2\repository\org\slf4j\jcl-over-slf4j\1.7.36\jcl-over-slf4j-1.7.36.jar;C:\Users\FITIA ARIVONY\.m2\repository\org\dhatim\fastexcel-reader\0.15.3\fastexcel-reader-0.15.3.jar;C:\Users\FITIA ARIVONY\.m2\repository\com\fasterxml\aalto-xml\1.3.2\aalto-xml-1.3.2.jar;C:\Users\FITIA ARIVONY\.m2\repository\org\codehaus\woodstox\stax2-api\4.2\stax2-api-4.2.jar;C:\Users\FITIA ARIVONY\.m2\repository\org\dhatim\fastexcel\0.15.3\fastexcel-0.15.3.jar;C:\Users\FITIA ARIVONY\.m2\repository\com\github\rzymek\opczip\1.2.0\opczip-1.2.0.jar;C:\Users\FITIA ARIVONY\.m2\repository\commons-dbcp\commons-dbcp\1.4\commons-dbcp-1.4.jar;C:\Users\FITIA ARIVONY\.m2\repository\commons-pool\commons-pool\1.6\commons-pool-1.6.jar;C:\Users\FITIA ARIVONY\.m2\repository\org\apache\commons\commons-pool2\2.11.1\commons-pool2-2.11.1.jar;"/>
    <property name="sun.cpu.endian" value="little"/>
    <property name="user.home" value="C:\Users\FITIA ARIVONY"/>
    <property name="user.language" value="fr"/>
    <property name="java.specification.vendor" value="Oracle Corporation"/>
    <property name="java.home" value="C:\Program Files\Java\jdk1.8.0_201\jre"/>
    <property name="basedir" value="D:\ITU\Proj\Java\Spring boot\tree\tree"/>
    <property name="file.separator" value="\"/>
    <property name="line.separator" value="&#10;"/>
    <property name="java.vm.specification.vendor" value="Oracle Corporation"/>
    <property name="java.specification.name" value="Java Platform API Specification"/>
    <property name="java.awt.graphicsenv" value="sun.awt.Win32GraphicsEnvironment"/>
    <property name="surefire.real.class.path" value="C:\Users\FITIAA~1\AppData\Local\Temp\surefire5491794926678781079\surefirebooter5629232499104815677.jar"/>
    <property name="sun.boot.class.path" value="C:\Program Files\Java\jdk1.8.0_201\jre\lib\resources.jar;C:\Program Files\Java\jdk1.8.0_201\jre\lib\rt.jar;C:\Program Files\Java\jdk1.8.0_201\jre\lib\sunrsasign.jar;C:\Program Files\Java\jdk1.8.0_201\jre\lib\jsse.jar;C:\Program Files\Java\jdk1.8.0_201\jre\lib\jce.jar;C:\Program Files\Java\jdk1.8.0_201\jre\lib\charsets.jar;C:\Program Files\Java\jdk1.8.0_201\jre\lib\jfr.jar;C:\Program Files\Java\jdk1.8.0_201\jre\classes"/>
    <property name="user.script" value=""/>
    <property name="sun.management.compiler" value="HotSpot 64-Bit Tiered Compilers"/>
    <property name="java.runtime.version" value="1.8.0_201-b09"/>
    <property name="user.name" value="FITIA ARIVONY"/>
    <property name="path.separator" value=";"/>
    <property name="os.version" value="10.0"/>
    <property name="java.endorsed.dirs" value="C:\Program Files\Java\jdk1.8.0_201\jre\lib\endorsed"/>
    <property name="java.runtime.name" value="Java(TM) SE Runtime Environment"/>
    <property name="file.encoding" value="UTF-8"/>
    <property name="java.vm.name" value="Java HotSpot(TM) 64-Bit Server VM"/>
    <property name="maven.ext.class.path" value="C:\Program Files\NetBeans 8.2\java\maven-nblib\netbeans-eventspy.jar"/>
    <property name="localRepository" value="C:\Users\FITIA ARIVONY\.m2\repository"/>
    <property name="java.vendor.url.bug" value="http://bugreport.sun.com/bugreport/"/>
    <property name="java.io.tmpdir" value="C:\Users\FITIAA~1\AppData\Local\Temp\"/>
    <property name="java.version" value="1.8.0_201"/>
    <property name="user.dir" value="D:\ITU\Proj\Java\Spring boot\tree\tree"/>
    <property name="os.arch" value="amd64"/>
    <property name="java.vm.specification.name" value="Java Virtual Machine Specification"/>
    <property name="java.awt.printerjob" value="sun.awt.windows.WPrinterJob"/>
    <property name="sun.os.patch.level" value=""/>
    <property name="java.library.path" value="C:\Program Files\Java\jdk1.8.0_201\jre\bin;C:\WINDOWS\Sun\Java\bin;C:\WINDOWS\system32;C:\WINDOWS;D:\app\FITIA\product\11.2.0\dbhome_2\bin;C:\Program Files\AdoptOpenJDK\jdk-11.0.11.9-hotspot\bin;C:\Program Files (x86)\Common Files\Oracle\Java\javapath;C:\WINDOWS\system32;C:\WINDOWS;C:\WINDOWS\System32\Wbem;C:\WINDOWS\System32\WindowsPowerShell\v1.0\;C:\WINDOWS\System32\OpenSSH\;C:\Program Files\Java\jdk1.8.0_201\bin;D:\ITU\S1\UwAmp\bin\database\mysql-5.6.11\bin;C:\Program Files\PostgreSQL\10\bin;C:\mingw\MinGW\bin;C:\Program Files\AdoptOpenJDK\jdk-11.0.11.9-hotspot\lib;C:\Users\FITIA ARIVONY\AppData\Local\Programs\Python\Python310\Scripts\;C:\gnuplot\bin;C:\Program Files\dotnet\;D:\ITU\Ant\apache-ant-1.9.16\bin;C:\Program Files\Microsoft SQL Server\130\Tools\Binn\;D:\xampp\php\;C:\Program Files\MongoDB\Server\5.0\bin;C:\Program Files\nodejs\;C:\Users\FITIA ARIVONY\AppData\Roaming\npm;C:\Program Files\Git\cmd;C:\Program Files\Git\bin;C:\Ruby31-x64\bin\ruby.exe;C:\Program Files (x86)\Yarn\bin\;C:\Program Files\Microsoft SQL Server\Client SDK\ODBC\170\Tools\Binn\;C:\composer;C:\Program Files (x86)\Maven\apache-maven-3.8.6\bin;D:\Android\Sdk\platform-tools;C:\Program Files (x86)\Microsoft SQL Server\150\Tools\Binn\;C:\Program Files\Microsoft SQL Server\150\Tools\Binn\;C:\Program Files\Microsoft SQL Server\150\DTS\Binn\;C:\Program Files (x86)\Microsoft SQL Server\160\DTS\Binn\;C:\Program Files\Azure Data Studio\bin;C:\Users\FITIA ARIVONY\AppData\Local\Programs\Python\Python310\Scripts\;C:\Users\FITIA ARIVONY\AppData\Local\Programs\Python\Python310\;C:\Users\FITIA ARIVONY\AppData\Local\Microsoft\WindowsApps;C:\Users\FITIA ARIVONY\AppData\Local\GitHubDesktop\bin;C:\Program Files\JetBrains\PyCharm Community Edition 2021.1.2\bin;C:\Program Files;C:\Users\FITIA ARIVONY\AppData\Roaming\nvm;C:\Program Files\nodejs;C:\Program Files\JetBrains\IntelliJ IDEA Community Edition 2021.3.2\bin;;C:\Users\FITIA ARIVONY\.dotnet\tools;C:\Program Files\JetBrains\PyCharm Community Edition 2021.1.2\bin;;C:\Users\FITIA ARIVONY\AppData\Roaming\npm;C:\Users\FITIA ARIVONY\AppData\Local\Yarn\bin;C:\Users\FITIA ARIVONY\AppData\Local\Programs\Microsoft VS Code\bin;C:\Users\FITIA ARIVONY\AppData\Local\Microsoft\WindowsApps;C:\Users\FITIA ARIVONY\AppData\Roaming\Composer\vendor\bin;C:\Program Files\Azure Data Studio\bin;."/>
    <property name="java.vm.info" value="mixed mode"/>
    <property name="java.vendor" value="Oracle Corporation"/>
    <property name="java.vm.version" value="25.201-b09"/>
    <property name="java.ext.dirs" value="C:\Program Files\Java\jdk1.8.0_201\jre\lib\ext;C:\WINDOWS\Sun\Java\lib\ext"/>
    <property name="sun.io.unicode.encoding" value="UnicodeLittle"/>
    <property name="java.class.version" value="52.0"/>
  </properties>
  <testcase name="contextLoads" classname="com.bubble.tree.TreeApplicationTests" time="0.461"/>
</testsuite>